<?xml version="1.0" encoding="UTF-8"?>
<!-- Generated by org.testng.reporters.JUnitXMLReporter -->
<testsuite ignored="0" hostname="LAPTOP-BRF3MDB0" failures="0" tests="4" name="Test" time="0.044" errors="0" timestamp="2021-12-09T12:23:22 IST">
  <testcase classname="test.Day2" name="Demo" time="0.006"/>
  <testcase classname="test.Day1" name="Demo" time="0.0"/>
  <testcase classname="test.Day1" name="secondmethod" time="0.0"/>
  <testcase classname="test.Day1" name="show" time="0.001"/>
</testsuite> <!-- Test -->
