<?xml version="1.0" encoding="UTF-8"?>
<testng-results ignored="0" total="7" passed="7" failed="0" skipped="0">
  <reporter-output>
  </reporter-output>
  <suite started-at="2021-12-09T12:23:22 IST" name="Suite" finished-at="2021-12-09T12:23:22 IST" duration-ms="129">
    <groups>
    </groups>
    <test started-at="2021-12-09T12:23:22 IST" name="Test" finished-at="2021-12-09T12:23:22 IST" duration-ms="44">
      <class name="test.Day1">
        <test-method signature="Demo()[pri:0, instance:test.Day1@33ecda92]" started-at="2021-12-09T12:23:22 IST" name="Demo" finished-at="2021-12-09T12:23:22 IST" duration-ms="0" status="PASS">
          <reporter-output>
          </reporter-output>
        </test-method> <!-- Demo -->
        <test-method signature="secondmethod()[pri:0, instance:test.Day1@33ecda92]" started-at="2021-12-09T12:23:22 IST" name="secondmethod" finished-at="2021-12-09T12:23:22 IST" duration-ms="0" status="PASS">
          <reporter-output>
          </reporter-output>
        </test-method> <!-- secondmethod -->
        <test-method signature="show()[pri:0, instance:test.Day1@33ecda92]" started-at="2021-12-09T12:23:22 IST" name="show" finished-at="2021-12-09T12:23:22 IST" duration-ms="1" status="PASS">
          <reporter-output>
          </reporter-output>
        </test-method> <!-- show -->
      </class> <!-- test.Day1 -->
      <class name="test.Day2">
        <test-method signature="Demo()[pri:0, instance:test.Day2@2de56eb2]" started-at="2021-12-09T12:23:22 IST" name="Demo" finished-at="2021-12-09T12:23:22 IST" duration-ms="6" status="PASS">
          <reporter-output>
          </reporter-output>
        </test-method> <!-- Demo -->
      </class> <!-- test.Day2 -->
    </test> <!-- Test -->
    <test started-at="2021-12-09T12:23:22 IST" name="mobilelogin" finished-at="2021-12-09T12:23:22 IST" duration-ms="5">
      <class name="test.Day3">
        <test-method signature="APILogin()[pri:0, instance:test.Day3@24c1b2d2]" started-at="2021-12-09T12:23:22 IST" name="APILogin" finished-at="2021-12-09T12:23:22 IST" duration-ms="1" status="PASS">
          <reporter-output>
          </reporter-output>
        </test-method> <!-- APILogin -->
        <test-method signature="MobileLogin()[pri:0, instance:test.Day3@24c1b2d2]" started-at="2021-12-09T12:23:22 IST" name="MobileLogin" finished-at="2021-12-09T12:23:22 IST" duration-ms="1" status="PASS">
          <reporter-output>
          </reporter-output>
        </test-method> <!-- MobileLogin -->
        <test-method signature="WebLogin()[pri:0, instance:test.Day3@24c1b2d2]" started-at="2021-12-09T12:23:22 IST" name="WebLogin" finished-at="2021-12-09T12:23:22 IST" duration-ms="1" status="PASS">
          <reporter-output>
          </reporter-output>
        </test-method> <!-- WebLogin -->
      </class> <!-- test.Day3 -->
    </test> <!-- mobilelogin -->
  </suite> <!-- Suite -->
</testng-results>
